[debug] [2024-01-06T10:14:00.778Z] ----------------------------------------------------------------------
[debug] [2024-01-06T10:14:00.782Z] Command:       D:\softwares\nodejs\node.exe C:\Users\Vi Sion\AppData\Roaming\npm\node_modules\firebase-tools\lib\bin\firebase.js deploy
[debug] [2024-01-06T10:14:00.782Z] CLI Version:   13.0.2
[debug] [2024-01-06T10:14:00.783Z] Platform:      win32
[debug] [2024-01-06T10:14:00.783Z] Node Version:  v18.16.1
[debug] [2024-01-06T10:14:00.786Z] Time:          Sat Jan 06 2024 13:14:00 GMT+0300 (East Africa Time)
[debug] [2024-01-06T10:14:00.786Z] ----------------------------------------------------------------------
[debug] 
[debug] [2024-01-06T10:14:00.950Z] > command requires scopes: ["email","openid","https://www.googleapis.com/auth/cloudplatformprojects.readonly","https://www.googleapis.com/auth/firebase","https://www.googleapis.com/auth/cloud-platform"]
[debug] [2024-01-06T10:14:00.951Z] > authorizing via signed-in user (nimusiimavision@gmail.com)
[debug] [2024-01-06T10:14:00.951Z] [iam] checking project art-gram-e6fdc for permissions ["firebase.projects.get","firebasehosting.sites.update"]
[debug] [2024-01-06T10:14:00.955Z] >>> [apiv2][query] POST https://cloudresourcemanager.googleapis.com/v1/projects/art-gram-e6fdc:testIamPermissions [none]
[debug] [2024-01-06T10:14:00.955Z] >>> [apiv2][(partial)header] POST https://cloudresourcemanager.googleapis.com/v1/projects/art-gram-e6fdc:testIamPermissions x-goog-quota-user=projects/art-gram-e6fdc
[debug] [2024-01-06T10:14:00.956Z] >>> [apiv2][body] POST https://cloudresourcemanager.googleapis.com/v1/projects/art-gram-e6fdc:testIamPermissions {"permissions":["firebase.projects.get","firebasehosting.sites.update"]}
[debug] [2024-01-06T10:14:04.251Z] <<< [apiv2][status] POST https://cloudresourcemanager.googleapis.com/v1/projects/art-gram-e6fdc:testIamPermissions 200
[debug] [2024-01-06T10:14:04.253Z] <<< [apiv2][body] POST https://cloudresourcemanager.googleapis.com/v1/projects/art-gram-e6fdc:testIamPermissions {"permissions":["firebase.projects.get","firebasehosting.sites.update"]}
[debug] [2024-01-06T10:14:04.257Z] >>> [apiv2][query] GET https://firebase.googleapis.com/v1beta1/projects/art-gram-e6fdc [none]
[debug] [2024-01-06T10:14:05.575Z] <<< [apiv2][status] GET https://firebase.googleapis.com/v1beta1/projects/art-gram-e6fdc 200
[debug] [2024-01-06T10:14:05.575Z] <<< [apiv2][body] GET https://firebase.googleapis.com/v1beta1/projects/art-gram-e6fdc {"projectId":"art-gram-e6fdc","projectNumber":"408643188249","displayName":"art-gram","name":"projects/art-gram-e6fdc","resources":{"hostingSite":"art-gram-e6fdc","storageBucket":"art-gram-e6fdc.appspot.com","locationId":"us-central"},"state":"ACTIVE","etag":"1_4d348957-d1be-4845-a10d-dbd42ce610ad"}
[info] 
[info] === Deploying to 'art-gram-e6fdc'...
[info] 
[info] i  deploying hosting 
[debug] [2024-01-06T10:14:05.589Z] >>> [apiv2][query] POST https://firebasehosting.googleapis.com/v1beta1/projects/-/sites/art-gram-e6fdc/versions [none]
[debug] [2024-01-06T10:14:05.590Z] >>> [apiv2][body] POST https://firebasehosting.googleapis.com/v1beta1/projects/-/sites/art-gram-e6fdc/versions {"status":"CREATED","labels":{"deployment-tool":"cli-firebase"}}
[debug] [2024-01-06T10:14:07.980Z] <<< [apiv2][status] POST https://firebasehosting.googleapis.com/v1beta1/projects/-/sites/art-gram-e6fdc/versions 200
[debug] [2024-01-06T10:14:07.981Z] <<< [apiv2][body] POST https://firebasehosting.googleapis.com/v1beta1/projects/-/sites/art-gram-e6fdc/versions {"name":"projects/408643188249/sites/art-gram-e6fdc/versions/9664b272da24acfb","status":"CREATED","config":{},"labels":{"deployment-tool":"cli-firebase"}}
[info] i  hosting[art-gram-e6fdc]: beginning deploy... 
[info] i  hosting[art-gram-e6fdc]: found 12 files in build 
[debug] [2024-01-06T10:14:08.030Z] [hosting] uploading with 200 concurrency
[debug] [2024-01-06T10:14:08.949Z] [hosting] hash cache [YnVpbGQ] stored for 12 files
[debug] [2024-01-06T10:14:08.949Z] [hosting][hash queue][FINAL] {"max":753,"min":3,"avg":75.66666666666667,"active":0,"complete":12,"success":12,"errored":0,"retried":0,"total":12,"elapsed":763}
[debug] [2024-01-06T10:14:08.950Z] >>> [apiv2][query] POST https://firebasehosting.googleapis.com/v1beta1/projects/408643188249/sites/art-gram-e6fdc/versions/9664b272da24acfb:populateFiles [none]
[debug] [2024-01-06T10:14:08.950Z] >>> [apiv2][body] POST https://firebasehosting.googleapis.com/v1beta1/projects/408643188249/sites/art-gram-e6fdc/versions/9664b272da24acfb:populateFiles {"files":{"/favicon.ico":"eae62e993eb980ec8a25058c39d5a51feab118bd2100c4deebb2a9c158ec11f9","/logo192.png":"3ee59515172ee198f3be375979df15ac5345183e656720a381b8872b2a39dc8b","/logo512.png":"ee7e2f3fdb8209c4b6fd7bef6ba50d1b9dba30a25bb5c3126df057e1cb6f5331","/manifest.json":"aff3449bdc238776f5d6d967f19ec491b36aed5fb7f23ccff6500736fd58494a","/robots.txt":"bfe106a3fb878dc83461c86818bf74fc1bdc7f28538ba613cd3e775516ce8b49","/asset-manifest.json":"499eb2f85dea6a2a5cbc65c7dcd2dc0726d9eca9757fb425eb4a484539f80d43","/index.html":"4b27c2fea7868bd3ddf3b51013c63acaac0ba6cc859c05996a3c82a75b16da93","/static/css/main.e47b2434.css":"63af311b13fad0364c69f47fb7f6899d8d3544bf33a3c09d8b6feb120b534362","/static/css/main.e47b2434.css.map":"264fa844f50b4d4470b401d922afd15e7505ac0c8b04e6ba6bbfe3859ec20f8a","/static/js/main.999d2437.js.LICENSE.txt":"7210e7919dbc0e8317c019ed1bfae3ddcc9a9532a327ab9bb603850abe49620b","/static/js/main.999d2437.js":"d9e8143b9d920d8bc492c43ef07058a8baf8797113c069b9768bc2979a389ac4","/static/js/main.999d2437.js.map":"c8a954240c3b943e2b25838d31521682f701dbc4c8ec942479b6e635b747c6d3"}}
[debug] [2024-01-06T10:14:12.233Z] <<< [apiv2][status] POST https://firebasehosting.googleapis.com/v1beta1/projects/408643188249/sites/art-gram-e6fdc/versions/9664b272da24acfb:populateFiles 200
[debug] [2024-01-06T10:14:12.234Z] <<< [apiv2][body] POST https://firebasehosting.googleapis.com/v1beta1/projects/408643188249/sites/art-gram-e6fdc/versions/9664b272da24acfb:populateFiles {"uploadRequiredHashes":["499eb2f85dea6a2a5cbc65c7dcd2dc0726d9eca9757fb425eb4a484539f80d43","4b27c2fea7868bd3ddf3b51013c63acaac0ba6cc859c05996a3c82a75b16da93","d9e8143b9d920d8bc492c43ef07058a8baf8797113c069b9768bc2979a389ac4","c8a954240c3b943e2b25838d31521682f701dbc4c8ec942479b6e635b747c6d3"],"uploadUrl":"https://upload-firebasehosting.googleapis.com/upload/sites/art-gram-e6fdc/versions/9664b272da24acfb/files"}
[debug] [2024-01-06T10:14:12.237Z] >>> [apiv2][query] POST https://upload-firebasehosting.googleapis.com/upload/sites/art-gram-e6fdc/versions/9664b272da24acfb/files/499eb2f85dea6a2a5cbc65c7dcd2dc0726d9eca9757fb425eb4a484539f80d43 [none]
[debug] [2024-01-06T10:14:12.237Z] >>> [apiv2][body] POST https://upload-firebasehosting.googleapis.com/upload/sites/art-gram-e6fdc/versions/9664b272da24acfb/files/499eb2f85dea6a2a5cbc65c7dcd2dc0726d9eca9757fb425eb4a484539f80d43 [stream]
[debug] [2024-01-06T10:14:12.241Z] >>> [apiv2][query] POST https://upload-firebasehosting.googleapis.com/upload/sites/art-gram-e6fdc/versions/9664b272da24acfb/files/4b27c2fea7868bd3ddf3b51013c63acaac0ba6cc859c05996a3c82a75b16da93 [none]
[debug] [2024-01-06T10:14:12.241Z] >>> [apiv2][body] POST https://upload-firebasehosting.googleapis.com/upload/sites/art-gram-e6fdc/versions/9664b272da24acfb/files/4b27c2fea7868bd3ddf3b51013c63acaac0ba6cc859c05996a3c82a75b16da93 [stream]
[debug] [2024-01-06T10:14:12.245Z] >>> [apiv2][query] POST https://upload-firebasehosting.googleapis.com/upload/sites/art-gram-e6fdc/versions/9664b272da24acfb/files/d9e8143b9d920d8bc492c43ef07058a8baf8797113c069b9768bc2979a389ac4 [none]
[debug] [2024-01-06T10:14:12.245Z] >>> [apiv2][body] POST https://upload-firebasehosting.googleapis.com/upload/sites/art-gram-e6fdc/versions/9664b272da24acfb/files/d9e8143b9d920d8bc492c43ef07058a8baf8797113c069b9768bc2979a389ac4 [stream]
[debug] [2024-01-06T10:14:12.247Z] >>> [apiv2][query] POST https://upload-firebasehosting.googleapis.com/upload/sites/art-gram-e6fdc/versions/9664b272da24acfb/files/c8a954240c3b943e2b25838d31521682f701dbc4c8ec942479b6e635b747c6d3 [none]
[debug] [2024-01-06T10:14:12.247Z] >>> [apiv2][body] POST https://upload-firebasehosting.googleapis.com/upload/sites/art-gram-e6fdc/versions/9664b272da24acfb/files/c8a954240c3b943e2b25838d31521682f701dbc4c8ec942479b6e635b747c6d3 [stream]
[debug] [2024-01-06T10:14:12.251Z] [hosting][populate queue][FINAL] {"max":3292,"min":3292,"avg":3292,"active":0,"complete":1,"success":1,"errored":0,"retried":0,"total":1,"elapsed":3306}
[debug] [2024-01-06T10:14:12.252Z] [hosting] uploads queued: 4
[debug] [2024-01-06T10:14:15.393Z] <<< [apiv2][status] POST https://upload-firebasehosting.googleapis.com/upload/sites/art-gram-e6fdc/versions/9664b272da24acfb/files/4b27c2fea7868bd3ddf3b51013c63acaac0ba6cc859c05996a3c82a75b16da93 200
[debug] [2024-01-06T10:14:15.394Z] <<< [apiv2][body] POST https://upload-firebasehosting.googleapis.com/upload/sites/art-gram-e6fdc/versions/9664b272da24acfb/files/4b27c2fea7868bd3ddf3b51013c63acaac0ba6cc859c05996a3c82a75b16da93 [stream]
[debug] [2024-01-06T10:14:15.945Z] <<< [apiv2][status] POST https://upload-firebasehosting.googleapis.com/upload/sites/art-gram-e6fdc/versions/9664b272da24acfb/files/499eb2f85dea6a2a5cbc65c7dcd2dc0726d9eca9757fb425eb4a484539f80d43 200
[debug] [2024-01-06T10:14:15.946Z] <<< [apiv2][body] POST https://upload-firebasehosting.googleapis.com/upload/sites/art-gram-e6fdc/versions/9664b272da24acfb/files/499eb2f85dea6a2a5cbc65c7dcd2dc0726d9eca9757fb425eb4a484539f80d43 [stream]
[debug] [2024-01-06T10:14:20.753Z] <<< [apiv2][status] POST https://upload-firebasehosting.googleapis.com/upload/sites/art-gram-e6fdc/versions/9664b272da24acfb/files/d9e8143b9d920d8bc492c43ef07058a8baf8797113c069b9768bc2979a389ac4 200
[debug] [2024-01-06T10:14:20.754Z] <<< [apiv2][body] POST https://upload-firebasehosting.googleapis.com/upload/sites/art-gram-e6fdc/versions/9664b272da24acfb/files/d9e8143b9d920d8bc492c43ef07058a8baf8797113c069b9768bc2979a389ac4 [stream]
[debug] [2024-01-06T10:15:07.933Z] <<< [apiv2][status] POST https://upload-firebasehosting.googleapis.com/upload/sites/art-gram-e6fdc/versions/9664b272da24acfb/files/c8a954240c3b943e2b25838d31521682f701dbc4c8ec942479b6e635b747c6d3 200
[debug] [2024-01-06T10:15:07.934Z] <<< [apiv2][body] POST https://upload-firebasehosting.googleapis.com/upload/sites/art-gram-e6fdc/versions/9664b272da24acfb/files/c8a954240c3b943e2b25838d31521682f701dbc4c8ec942479b6e635b747c6d3 [stream]
[debug] [2024-01-06T10:15:07.934Z] [hosting][upload queue][FINAL] {"max":55698,"min":3159,"avg":17771.75,"active":0,"complete":4,"success":4,"errored":0,"retried":0,"total":4,"elapsed":55700}
[info] +  hosting[art-gram-e6fdc]: file upload complete 
[debug] [2024-01-06T10:15:07.938Z] [hosting] deploy completed after 59947ms
[debug] [2024-01-06T10:15:07.938Z] [
  {
    "config": {
      "public": "build",
      "ignore": [
        "firebase.json",
        "**/.*",
        "**/node_modules/**"
      ],
      "rewrites": [
        {
          "source": "**",
          "destination": "/index.html"
        }
      ],
      "site": "art-gram-e6fdc"
    },
    "version": "projects/408643188249/sites/art-gram-e6fdc/versions/9664b272da24acfb"
  }
]
[info] i  hosting[art-gram-e6fdc]: finalizing version... 
[debug] [2024-01-06T10:15:07.944Z] >>> [apiv2][query] PATCH https://firebasehosting.googleapis.com/v1beta1/projects/-/sites/art-gram-e6fdc/versions/9664b272da24acfb updateMask=status%2Cconfig
[debug] [2024-01-06T10:15:07.944Z] >>> [apiv2][body] PATCH https://firebasehosting.googleapis.com/v1beta1/projects/-/sites/art-gram-e6fdc/versions/9664b272da24acfb {"status":"FINALIZED","config":{"rewrites":[{"glob":"**","path":"/index.html"}]}}
[debug] [2024-01-06T10:15:24.199Z] *** [apiv2] error from fetch(https://firebasehosting.googleapis.com/v1beta1/projects/-/sites/art-gram-e6fdc/versions/9664b272da24acfb?updateMask=status%2Cconfig, {"headers":{},"method":"PATCH","body":"{\"status\":\"FINALIZED\",\"config\":{\"rewrites\":[{\"glob\":\"**\",\"path\":\"/index.html\"}]}}"}): FetchError: request to https://firebasehosting.googleapis.com/v1beta1/projects/-/sites/art-gram-e6fdc/versions/9664b272da24acfb?updateMask=status%2Cconfig failed, reason: socket hang up
[debug] [2024-01-06T10:15:29.227Z] Error: Timed out.
    at Timeout._onTimeout (C:\Users\Vi Sion\AppData\Roaming\npm\node_modules\firebase-tools\lib\utils.js:258:49)
    at listOnTimeout (node:internal/timers:569:17)
    at process.processTimers (node:internal/timers:512:7)
[error] 
[error] Error: An unexpected error has occurred.
